
> frontend@0.1.0 build
> next build

   â–˛ Next.js 15.1.11
   - Environments: .env.local

   Creating an optimized production build ...
 âś“ Compiled successfully
   Skipping validation of types
   Skipping linting
   Collecting page data ...
   Generating static pages (0/32) ...
   Generating static pages (8/32) 
   Generating static pages (16/32) 
   Generating static pages (24/32) 
 âś“ Generating static pages (32/32)
   Finalizing page optimization ...
   Collecting build traces ...

Route (app)                              Size     First Load JS
â”Ś â—‹ /                                    194 B           106 kB
â”ś â—‹ /_not-found                          194 B           106 kB
â”ś Ć’ /api/cold-leads                      194 B           106 kB
â”ś Ć’ /api/cold-leads/[id]                 194 B           106 kB
â”ś Ć’ /api/cold-leads/[id]/call            194 B           106 kB
â”ś Ć’ /api/cold-leads/bulk                 194 B           106 kB
â”ś Ć’ /api/cold-leads/import               194 B           106 kB
â”ś Ć’ /api/cold-leads/import/batch         194 B           106 kB
â”ś Ć’ /api/cold-leads/next                 194 B           106 kB
â”ś Ć’ /api/cold-leads/niches               194 B           106 kB
â”ś Ć’ /api/crm/pipelines                   194 B           106 kB
â”ś Ć’ /api/cron/notifications              194 B           106 kB
â”ś Ć’ /auth/callback                       194 B           106 kB
â”ś Ć’ /chat                                12.8 kB         176 kB
â”ś Ć’ /cold-call                           12.5 kB         216 kB
â”ś Ć’ /cold-call/import                    147 kB          291 kB
â”ś Ć’ /dashboard                           114 kB          323 kB
â”ś Ć’ /deals/[id]                          11.2 kB         178 kB
â”ś Ć’ /debug                               194 B           106 kB
â”ś Ć’ /follow-up                           12.8 kB         216 kB
â”ś Ć’ /leads                               24.3 kB         255 kB
â”ś â—‹ /login                               2.29 kB         112 kB
â”ś Ć’ /ngzap                               2.68 kB         112 kB
â”ś â—‹ /register                            2.1 kB          112 kB
â”ś Ć’ /settings                            194 B           106 kB
â”ś Ć’ /settings/company                    194 B           106 kB
â”ś Ć’ /settings/fields                     3.26 kB         109 kB
â”ś Ć’ /settings/loss-reasons               4.06 kB         127 kB
â”ś Ć’ /settings/notifications              6.58 kB         130 kB
â”ś Ć’ /settings/pipelines                  6.7 kB          159 kB
â”ś Ć’ /settings/products                   3.64 kB         109 kB
â”ś Ć’ /settings/profile                    1.8 kB          165 kB
â”ś Ć’ /settings/quick-replies              174 B           110 kB
â”ś Ć’ /settings/tags                       3.84 kB         110 kB
â”ś Ć’ /settings/team                       3.22 kB         166 kB
â”ś Ć’ /settings/whatsapp                   4.36 kB         119 kB
â”” â—‹ /setup                               2.68 kB         166 kB
+ First Load JS shared by all            106 kB
  â”ś chunks/1517-992895fd16216ba7.js      50.8 kB
  â”ś chunks/4bd1b696-eae2367ee58f827b.js  53 kB
  â”” other shared chunks (total)          2.02 kB


Ć’ Middleware                             81.4 kB

â—‹  (Static)   prerendered as static content
Ć’  (Dynamic)  server-rendered on demand


> frontend@0.1.0 postbuild
> cp -r public .next/standalone/ && cp -r .next/static .next/standalone/.next/

'cp' nĆo ‚ reconhecido como um comando interno
ou externo, um programa oper vel ou um arquivo em lotes.
